<?xml version="1.0" encoding="UTF-8"?>
<robot generator="Robot 6.1.1 (Python 3.10.12 on linux)" generated="20231109 10:12:19.210" rpa="false" schemaversion="4">
<suite id="s1" name="Tests" source="/home/mitimiti/Kurssit/OhTu/ohtu-s23-palautukset/viikko3/login-robot/src/tests">
<suite id="s1-s1" name="Login" source="/home/mitimiti/Kurssit/OhTu/ohtu-s23-palautukset/viikko3/login-robot/src/tests/login.robot">
<test id="s1-s1-t1" name="Login With Correct Credentials" line="6">
<kw name="Create User And Input Login Command" type="SETUP">
<kw name="Create User" library="AppLibrary">
<arg>kalle</arg>
<arg>kalle123</arg>
<status status="PASS" starttime="20231109 10:12:19.233" endtime="20231109 10:12:19.233"/>
</kw>
<kw name="Input Login Command" library="resource">
<kw name="Input" library="AppLibrary">
<arg>login</arg>
<status status="PASS" starttime="20231109 10:12:19.233" endtime="20231109 10:12:19.233"/>
</kw>
<status status="PASS" starttime="20231109 10:12:19.233" endtime="20231109 10:12:19.233"/>
</kw>
<status status="PASS" starttime="20231109 10:12:19.233" endtime="20231109 10:12:19.234"/>
</kw>
<kw name="Input Credentials" library="resource">
<arg>kalle</arg>
<arg>kalle123</arg>
<kw name="Input" library="AppLibrary">
<arg>${username}</arg>
<status status="PASS" starttime="20231109 10:12:19.234" endtime="20231109 10:12:19.234"/>
</kw>
<kw name="Input" library="AppLibrary">
<arg>${password}</arg>
<status status="PASS" starttime="20231109 10:12:19.234" endtime="20231109 10:12:19.234"/>
</kw>
<kw name="Run Application" library="AppLibrary">
<status status="PASS" starttime="20231109 10:12:19.234" endtime="20231109 10:12:19.235"/>
</kw>
<status status="PASS" starttime="20231109 10:12:19.234" endtime="20231109 10:12:19.235"/>
</kw>
<kw name="Output Should Contain" library="AppLibrary">
<arg>Logged in</arg>
<status status="PASS" starttime="20231109 10:12:19.235" endtime="20231109 10:12:19.235"/>
</kw>
<status status="PASS" starttime="20231109 10:12:19.232" endtime="20231109 10:12:19.235"/>
</test>
<test id="s1-s1-t2" name="Login With Incorrect Password" line="10">
<kw name="Create User And Input Login Command" type="SETUP">
<kw name="Create User" library="AppLibrary">
<arg>kalle</arg>
<arg>kalle123</arg>
<status status="PASS" starttime="20231109 10:12:19.236" endtime="20231109 10:12:19.236"/>
</kw>
<kw name="Input Login Command" library="resource">
<kw name="Input" library="AppLibrary">
<arg>login</arg>
<status status="PASS" starttime="20231109 10:12:19.236" endtime="20231109 10:12:19.236"/>
</kw>
<status status="PASS" starttime="20231109 10:12:19.236" endtime="20231109 10:12:19.236"/>
</kw>
<status status="PASS" starttime="20231109 10:12:19.235" endtime="20231109 10:12:19.236"/>
</kw>
<kw name="Input Credentials" library="resource">
<arg>kalle</arg>
<arg>kalle111</arg>
<kw name="Input" library="AppLibrary">
<arg>${username}</arg>
<status status="PASS" starttime="20231109 10:12:19.237" endtime="20231109 10:12:19.237"/>
</kw>
<kw name="Input" library="AppLibrary">
<arg>${password}</arg>
<status status="PASS" starttime="20231109 10:12:19.237" endtime="20231109 10:12:19.237"/>
</kw>
<kw name="Run Application" library="AppLibrary">
<status status="PASS" starttime="20231109 10:12:19.237" endtime="20231109 10:12:19.237"/>
</kw>
<status status="PASS" starttime="20231109 10:12:19.236" endtime="20231109 10:12:19.237"/>
</kw>
<kw name="Output Should Contain" library="AppLibrary">
<arg>Invalid username or password</arg>
<status status="PASS" starttime="20231109 10:12:19.237" endtime="20231109 10:12:19.237"/>
</kw>
<status status="PASS" starttime="20231109 10:12:19.235" endtime="20231109 10:12:19.237"/>
</test>
<test id="s1-s1-t3" name="Login With Nonexistent Username" line="15">
<kw name="Create User And Input Login Command" type="SETUP">
<kw name="Create User" library="AppLibrary">
<arg>kalle</arg>
<arg>kalle123</arg>
<status status="PASS" starttime="20231109 10:12:19.238" endtime="20231109 10:12:19.238"/>
</kw>
<kw name="Input Login Command" library="resource">
<kw name="Input" library="AppLibrary">
<arg>login</arg>
<status status="PASS" starttime="20231109 10:12:19.238" endtime="20231109 10:12:19.238"/>
</kw>
<status status="PASS" starttime="20231109 10:12:19.238" endtime="20231109 10:12:19.239"/>
</kw>
<status status="PASS" starttime="20231109 10:12:19.238" endtime="20231109 10:12:19.239"/>
</kw>
<kw name="Input Credentials" library="resource">
<arg>ville</arg>
<arg>ville123</arg>
<kw name="Input" library="AppLibrary">
<arg>${username}</arg>
<status status="PASS" starttime="20231109 10:12:19.239" endtime="20231109 10:12:19.239"/>
</kw>
<kw name="Input" library="AppLibrary">
<arg>${password}</arg>
<status status="PASS" starttime="20231109 10:12:19.239" endtime="20231109 10:12:19.239"/>
</kw>
<kw name="Run Application" library="AppLibrary">
<status status="PASS" starttime="20231109 10:12:19.239" endtime="20231109 10:12:19.239"/>
</kw>
<status status="PASS" starttime="20231109 10:12:19.239" endtime="20231109 10:12:19.239"/>
</kw>
<kw name="Output Should Contain" library="AppLibrary">
<arg>Invalid username or password</arg>
<status status="PASS" starttime="20231109 10:12:19.239" endtime="20231109 10:12:19.240"/>
</kw>
<status status="PASS" starttime="20231109 10:12:19.238" endtime="20231109 10:12:19.240"/>
</test>
<status status="PASS" starttime="20231109 10:12:19.227" endtime="20231109 10:12:19.240"/>
</suite>
<status status="PASS" starttime="20231109 10:12:19.211" endtime="20231109 10:12:19.241"/>
</suite>
<statistics>
<total>
<stat pass="3" fail="0" skip="0">All Tests</stat>
</total>
<tag>
</tag>
<suite>
<stat pass="3" fail="0" skip="0" id="s1" name="Tests">Tests</stat>
<stat pass="3" fail="0" skip="0" id="s1-s1" name="Login">Tests.Login</stat>
</suite>
</statistics>
<errors>
</errors>
</robot>
