<?xml version="1.0" encoding="UTF-8"?>
<robot generator="Robot 6.1.1 (Python 3.10.12 on linux)" generated="20231109 11:58:41.549" rpa="false" schemaversion="4">
<suite id="s1" name="Tests" source="/home/mitimiti/Kurssit/OhTu/ohtu-s23-palautukset/viikko3/login-robot/src/tests">
<suite id="s1-s1" name="Login" source="/home/mitimiti/Kurssit/OhTu/ohtu-s23-palautukset/viikko3/login-robot/src/tests/login.robot">
<test id="s1-s1-t1" name="Login With Correct Credentials" line="6">
<kw name="Create User And Input Login Command" type="SETUP">
<kw name="Create User" library="AppLibrary">
<arg>kalle</arg>
<arg>kalle123</arg>
<status status="PASS" starttime="20231109 11:58:41.573" endtime="20231109 11:58:41.574"/>
</kw>
<kw name="Input Login Command" library="resource">
<kw name="Input" library="AppLibrary">
<arg>login</arg>
<status status="PASS" starttime="20231109 11:58:41.574" endtime="20231109 11:58:41.574"/>
</kw>
<status status="PASS" starttime="20231109 11:58:41.574" endtime="20231109 11:58:41.574"/>
</kw>
<status status="PASS" starttime="20231109 11:58:41.573" endtime="20231109 11:58:41.574"/>
</kw>
<kw name="Input Credentials" library="resource">
<arg>kalle</arg>
<arg>kalle123</arg>
<kw name="Input" library="AppLibrary">
<arg>${username}</arg>
<status status="PASS" starttime="20231109 11:58:41.575" endtime="20231109 11:58:41.575"/>
</kw>
<kw name="Input" library="AppLibrary">
<arg>${password}</arg>
<status status="PASS" starttime="20231109 11:58:41.575" endtime="20231109 11:58:41.575"/>
</kw>
<kw name="Run Application" library="AppLibrary">
<status status="PASS" starttime="20231109 11:58:41.575" endtime="20231109 11:58:41.575"/>
</kw>
<status status="PASS" starttime="20231109 11:58:41.574" endtime="20231109 11:58:41.575"/>
</kw>
<kw name="Output Should Contain" library="AppLibrary">
<arg>Logged in</arg>
<status status="PASS" starttime="20231109 11:58:41.575" endtime="20231109 11:58:41.576"/>
</kw>
<status status="PASS" starttime="20231109 11:58:41.573" endtime="20231109 11:58:41.576"/>
</test>
<test id="s1-s1-t2" name="Login With Incorrect Password" line="10">
<kw name="Create User And Input Login Command" type="SETUP">
<kw name="Create User" library="AppLibrary">
<arg>kalle</arg>
<arg>kalle123</arg>
<status status="PASS" starttime="20231109 11:58:41.576" endtime="20231109 11:58:41.577"/>
</kw>
<kw name="Input Login Command" library="resource">
<kw name="Input" library="AppLibrary">
<arg>login</arg>
<status status="PASS" starttime="20231109 11:58:41.577" endtime="20231109 11:58:41.577"/>
</kw>
<status status="PASS" starttime="20231109 11:58:41.577" endtime="20231109 11:58:41.577"/>
</kw>
<status status="PASS" starttime="20231109 11:58:41.576" endtime="20231109 11:58:41.577"/>
</kw>
<kw name="Input Credentials" library="resource">
<arg>kalle</arg>
<arg>kalle111</arg>
<kw name="Input" library="AppLibrary">
<arg>${username}</arg>
<status status="PASS" starttime="20231109 11:58:41.577" endtime="20231109 11:58:41.577"/>
</kw>
<kw name="Input" library="AppLibrary">
<arg>${password}</arg>
<status status="PASS" starttime="20231109 11:58:41.577" endtime="20231109 11:58:41.578"/>
</kw>
<kw name="Run Application" library="AppLibrary">
<status status="PASS" starttime="20231109 11:58:41.578" endtime="20231109 11:58:41.578"/>
</kw>
<status status="PASS" starttime="20231109 11:58:41.577" endtime="20231109 11:58:41.578"/>
</kw>
<kw name="Output Should Contain" library="AppLibrary">
<arg>Invalid username or password</arg>
<status status="PASS" starttime="20231109 11:58:41.578" endtime="20231109 11:58:41.578"/>
</kw>
<status status="PASS" starttime="20231109 11:58:41.576" endtime="20231109 11:58:41.578"/>
</test>
<test id="s1-s1-t3" name="Login With Nonexistent Username" line="15">
<kw name="Create User And Input Login Command" type="SETUP">
<kw name="Create User" library="AppLibrary">
<arg>kalle</arg>
<arg>kalle123</arg>
<status status="PASS" starttime="20231109 11:58:41.579" endtime="20231109 11:58:41.579"/>
</kw>
<kw name="Input Login Command" library="resource">
<kw name="Input" library="AppLibrary">
<arg>login</arg>
<status status="PASS" starttime="20231109 11:58:41.579" endtime="20231109 11:58:41.579"/>
</kw>
<status status="PASS" starttime="20231109 11:58:41.579" endtime="20231109 11:58:41.579"/>
</kw>
<status status="PASS" starttime="20231109 11:58:41.578" endtime="20231109 11:58:41.579"/>
</kw>
<kw name="Input Credentials" library="resource">
<arg>ville</arg>
<arg>ville123</arg>
<kw name="Input" library="AppLibrary">
<arg>${username}</arg>
<status status="PASS" starttime="20231109 11:58:41.580" endtime="20231109 11:58:41.580"/>
</kw>
<kw name="Input" library="AppLibrary">
<arg>${password}</arg>
<status status="PASS" starttime="20231109 11:58:41.580" endtime="20231109 11:58:41.580"/>
</kw>
<kw name="Run Application" library="AppLibrary">
<status status="PASS" starttime="20231109 11:58:41.580" endtime="20231109 11:58:41.580"/>
</kw>
<status status="PASS" starttime="20231109 11:58:41.579" endtime="20231109 11:58:41.580"/>
</kw>
<kw name="Output Should Contain" library="AppLibrary">
<arg>Invalid username or password</arg>
<status status="PASS" starttime="20231109 11:58:41.580" endtime="20231109 11:58:41.581"/>
</kw>
<status status="PASS" starttime="20231109 11:58:41.578" endtime="20231109 11:58:41.581"/>
</test>
<status status="PASS" starttime="20231109 11:58:41.566" endtime="20231109 11:58:41.581"/>
</suite>
<suite id="s1-s2" name="Register" source="/home/mitimiti/Kurssit/OhTu/ohtu-s23-palautukset/viikko3/login-robot/src/tests/register.robot">
<test id="s1-s2-t1" name="Register With Valid Username And Password" line="6">
<kw name="Input New Command And Create User" type="SETUP">
<kw name="Create User" library="AppLibrary">
<arg>kalle</arg>
<arg>kalle123</arg>
<status status="PASS" starttime="20231109 11:58:41.584" endtime="20231109 11:58:41.584"/>
</kw>
<kw name="Input New Command" library="resource">
<kw name="Input" library="AppLibrary">
<arg>new</arg>
<status status="PASS" starttime="20231109 11:58:41.584" endtime="20231109 11:58:41.584"/>
</kw>
<status status="PASS" starttime="20231109 11:58:41.584" endtime="20231109 11:58:41.584"/>
</kw>
<status status="PASS" starttime="20231109 11:58:41.584" endtime="20231109 11:58:41.585"/>
</kw>
<kw name="Input Credentials" library="resource">
<arg>mirat</arg>
<arg>mira1234</arg>
<kw name="Input" library="AppLibrary">
<arg>${username}</arg>
<status status="PASS" starttime="20231109 11:58:41.585" endtime="20231109 11:58:41.585"/>
</kw>
<kw name="Input" library="AppLibrary">
<arg>${password}</arg>
<status status="PASS" starttime="20231109 11:58:41.585" endtime="20231109 11:58:41.585"/>
</kw>
<kw name="Run Application" library="AppLibrary">
<status status="PASS" starttime="20231109 11:58:41.585" endtime="20231109 11:58:41.585"/>
</kw>
<status status="PASS" starttime="20231109 11:58:41.585" endtime="20231109 11:58:41.585"/>
</kw>
<kw name="Output Should Contain" library="AppLibrary">
<arg>New user registered</arg>
<status status="PASS" starttime="20231109 11:58:41.585" endtime="20231109 11:58:41.586"/>
</kw>
<status status="PASS" starttime="20231109 11:58:41.583" endtime="20231109 11:58:41.586"/>
</test>
<test id="s1-s2-t2" name="Register With Already Taken Username And Valid Password" line="10">
<kw name="Input New Command And Create User" type="SETUP">
<kw name="Create User" library="AppLibrary">
<arg>kalle</arg>
<arg>kalle123</arg>
<status status="PASS" starttime="20231109 11:58:41.586" endtime="20231109 11:58:41.586"/>
</kw>
<kw name="Input New Command" library="resource">
<kw name="Input" library="AppLibrary">
<arg>new</arg>
<status status="PASS" starttime="20231109 11:58:41.587" endtime="20231109 11:58:41.587"/>
</kw>
<status status="PASS" starttime="20231109 11:58:41.587" endtime="20231109 11:58:41.587"/>
</kw>
<status status="PASS" starttime="20231109 11:58:41.586" endtime="20231109 11:58:41.587"/>
</kw>
<kw name="Input Credentials" library="resource">
<arg>kalle</arg>
<arg>mira1234</arg>
<kw name="Input" library="AppLibrary">
<arg>${username}</arg>
<status status="PASS" starttime="20231109 11:58:41.587" endtime="20231109 11:58:41.588"/>
</kw>
<kw name="Input" library="AppLibrary">
<arg>${password}</arg>
<status status="PASS" starttime="20231109 11:58:41.588" endtime="20231109 11:58:41.588"/>
</kw>
<kw name="Run Application" library="AppLibrary">
<status status="PASS" starttime="20231109 11:58:41.588" endtime="20231109 11:58:41.588"/>
</kw>
<status status="PASS" starttime="20231109 11:58:41.587" endtime="20231109 11:58:41.588"/>
</kw>
<kw name="Output Should Contain" library="AppLibrary">
<arg>Username is already in use</arg>
<status status="PASS" starttime="20231109 11:58:41.588" endtime="20231109 11:58:41.588"/>
</kw>
<status status="PASS" starttime="20231109 11:58:41.586" endtime="20231109 11:58:41.588"/>
</test>
<test id="s1-s2-t3" name="Register With Too Short Username And Valid Password" line="14">
<kw name="Input New Command And Create User" type="SETUP">
<kw name="Create User" library="AppLibrary">
<arg>kalle</arg>
<arg>kalle123</arg>
<status status="PASS" starttime="20231109 11:58:41.589" endtime="20231109 11:58:41.589"/>
</kw>
<kw name="Input New Command" library="resource">
<kw name="Input" library="AppLibrary">
<arg>new</arg>
<status status="PASS" starttime="20231109 11:58:41.589" endtime="20231109 11:58:41.589"/>
</kw>
<status status="PASS" starttime="20231109 11:58:41.589" endtime="20231109 11:58:41.589"/>
</kw>
<status status="PASS" starttime="20231109 11:58:41.589" endtime="20231109 11:58:41.590"/>
</kw>
<kw name="Input Credentials" library="resource">
<arg>mo</arg>
<arg>mira1234</arg>
<kw name="Input" library="AppLibrary">
<arg>${username}</arg>
<status status="PASS" starttime="20231109 11:58:41.590" endtime="20231109 11:58:41.590"/>
</kw>
<kw name="Input" library="AppLibrary">
<arg>${password}</arg>
<status status="PASS" starttime="20231109 11:58:41.590" endtime="20231109 11:58:41.590"/>
</kw>
<kw name="Run Application" library="AppLibrary">
<status status="PASS" starttime="20231109 11:58:41.590" endtime="20231109 11:58:41.590"/>
</kw>
<status status="PASS" starttime="20231109 11:58:41.590" endtime="20231109 11:58:41.590"/>
</kw>
<kw name="Output Should Contain" library="AppLibrary">
<arg>Username is too short</arg>
<status status="PASS" starttime="20231109 11:58:41.590" endtime="20231109 11:58:41.591"/>
</kw>
<status status="PASS" starttime="20231109 11:58:41.588" endtime="20231109 11:58:41.591"/>
</test>
<test id="s1-s2-t4" name="Register With Enough Long But Invald Username And Valid Password" line="18">
<kw name="Input New Command And Create User" type="SETUP">
<kw name="Create User" library="AppLibrary">
<arg>kalle</arg>
<arg>kalle123</arg>
<status status="PASS" starttime="20231109 11:58:41.591" endtime="20231109 11:58:41.591"/>
</kw>
<kw name="Input New Command" library="resource">
<kw name="Input" library="AppLibrary">
<arg>new</arg>
<status status="PASS" starttime="20231109 11:58:41.592" endtime="20231109 11:58:41.592"/>
</kw>
<status status="PASS" starttime="20231109 11:58:41.592" endtime="20231109 11:58:41.592"/>
</kw>
<status status="PASS" starttime="20231109 11:58:41.591" endtime="20231109 11:58:41.592"/>
</kw>
<kw name="Input Credentials" library="resource">
<arg>mira12</arg>
<arg>mira1234</arg>
<kw name="Input" library="AppLibrary">
<arg>${username}</arg>
<status status="PASS" starttime="20231109 11:58:41.592" endtime="20231109 11:58:41.592"/>
</kw>
<kw name="Input" library="AppLibrary">
<arg>${password}</arg>
<status status="PASS" starttime="20231109 11:58:41.592" endtime="20231109 11:58:41.593"/>
</kw>
<kw name="Run Application" library="AppLibrary">
<status status="PASS" starttime="20231109 11:58:41.593" endtime="20231109 11:58:41.593"/>
</kw>
<status status="PASS" starttime="20231109 11:58:41.592" endtime="20231109 11:58:41.593"/>
</kw>
<kw name="Output Should Contain" library="AppLibrary">
<arg>Username must contain only letters from a-z</arg>
<status status="PASS" starttime="20231109 11:58:41.593" endtime="20231109 11:58:41.593"/>
</kw>
<status status="PASS" starttime="20231109 11:58:41.591" endtime="20231109 11:58:41.593"/>
</test>
<test id="s1-s2-t5" name="Register With Valid Username And Too Short Password" line="22">
<kw name="Input New Command And Create User" type="SETUP">
<kw name="Create User" library="AppLibrary">
<arg>kalle</arg>
<arg>kalle123</arg>
<status status="PASS" starttime="20231109 11:58:41.594" endtime="20231109 11:58:41.594"/>
</kw>
<kw name="Input New Command" library="resource">
<kw name="Input" library="AppLibrary">
<arg>new</arg>
<status status="PASS" starttime="20231109 11:58:41.594" endtime="20231109 11:58:41.594"/>
</kw>
<status status="PASS" starttime="20231109 11:58:41.594" endtime="20231109 11:58:41.594"/>
</kw>
<status status="PASS" starttime="20231109 11:58:41.593" endtime="20231109 11:58:41.594"/>
</kw>
<kw name="Input Credentials" library="resource">
<arg>mira</arg>
<arg>k92</arg>
<kw name="Input" library="AppLibrary">
<arg>${username}</arg>
<status status="PASS" starttime="20231109 11:58:41.595" endtime="20231109 11:58:41.595"/>
</kw>
<kw name="Input" library="AppLibrary">
<arg>${password}</arg>
<status status="PASS" starttime="20231109 11:58:41.595" endtime="20231109 11:58:41.595"/>
</kw>
<kw name="Run Application" library="AppLibrary">
<status status="PASS" starttime="20231109 11:58:41.595" endtime="20231109 11:58:41.595"/>
</kw>
<status status="PASS" starttime="20231109 11:58:41.595" endtime="20231109 11:58:41.595"/>
</kw>
<kw name="Output Should Contain" library="AppLibrary">
<arg>Password is too short</arg>
<status status="PASS" starttime="20231109 11:58:41.595" endtime="20231109 11:58:41.596"/>
</kw>
<status status="PASS" starttime="20231109 11:58:41.593" endtime="20231109 11:58:41.596"/>
</test>
<test id="s1-s2-t6" name="Register With Valid Username And Long Enough Password Containing Only Letters" line="26">
<kw name="Input New Command And Create User" type="SETUP">
<kw name="Create User" library="AppLibrary">
<arg>kalle</arg>
<arg>kalle123</arg>
<status status="PASS" starttime="20231109 11:58:41.596" endtime="20231109 11:58:41.597"/>
</kw>
<kw name="Input New Command" library="resource">
<kw name="Input" library="AppLibrary">
<arg>new</arg>
<status status="PASS" starttime="20231109 11:58:41.597" endtime="20231109 11:58:41.597"/>
</kw>
<status status="PASS" starttime="20231109 11:58:41.597" endtime="20231109 11:58:41.597"/>
</kw>
<status status="PASS" starttime="20231109 11:58:41.596" endtime="20231109 11:58:41.597"/>
</kw>
<kw name="Input Credentials" library="resource">
<arg>mira</arg>
<arg>kallekalle</arg>
<kw name="Input" library="AppLibrary">
<arg>${username}</arg>
<status status="PASS" starttime="20231109 11:58:41.597" endtime="20231109 11:58:41.597"/>
</kw>
<kw name="Input" library="AppLibrary">
<arg>${password}</arg>
<status status="PASS" starttime="20231109 11:58:41.597" endtime="20231109 11:58:41.598"/>
</kw>
<kw name="Run Application" library="AppLibrary">
<status status="PASS" starttime="20231109 11:58:41.598" endtime="20231109 11:58:41.598"/>
</kw>
<status status="PASS" starttime="20231109 11:58:41.597" endtime="20231109 11:58:41.598"/>
</kw>
<kw name="Output Should Contain" library="AppLibrary">
<arg>Password cannot contain only letters</arg>
<status status="PASS" starttime="20231109 11:58:41.598" endtime="20231109 11:58:41.598"/>
</kw>
<status status="PASS" starttime="20231109 11:58:41.596" endtime="20231109 11:58:41.598"/>
</test>
<status status="PASS" starttime="20231109 11:58:41.581" endtime="20231109 11:58:41.598"/>
</suite>
<status status="PASS" starttime="20231109 11:58:41.549" endtime="20231109 11:58:41.599"/>
</suite>
<statistics>
<total>
<stat pass="9" fail="0" skip="0">All Tests</stat>
</total>
<tag>
</tag>
<suite>
<stat pass="9" fail="0" skip="0" id="s1" name="Tests">Tests</stat>
<stat pass="3" fail="0" skip="0" id="s1-s1" name="Login">Tests.Login</stat>
<stat pass="6" fail="0" skip="0" id="s1-s2" name="Register">Tests.Register</stat>
</suite>
</statistics>
<errors>
</errors>
</robot>
