<?xml version="1.0" encoding="UTF-8"?>
<robot generator="Robot 6.1.1 (Python 3.10.12 on linux)" generated="20231109 14:48:51.252" rpa="false" schemaversion="4">
<suite id="s1" name="Tests" source="/home/mitimiti/Kurssit/OhTu/ohtu-s23-palautukset/viikko3/web-login/src/tests">
<suite id="s1-s1" name="Home" source="/home/mitimiti/Kurssit/OhTu/ohtu-s23-palautukset/viikko3/web-login/src/tests/home.robot">
<kw name="Open And Configure Browser" library="resource" type="SETUP">
<kw name="Evaluate" library="BuiltIn">
<var>${options}</var>
<arg>sys.modules['selenium.webdriver'].ChromeOptions()</arg>
<arg>sys</arg>
<doc>Evaluates the given expression in Python and returns the result.</doc>
<msg timestamp="20231109 14:48:51.337" level="INFO">${options} = &lt;selenium.webdriver.chrome.options.Options object at 0x7f6f9897bbe0&gt;</msg>
<status status="PASS" starttime="20231109 14:48:51.337" endtime="20231109 14:48:51.337"/>
</kw>
<kw name="Open Browser" library="SeleniumLibrary">
<arg>browser=chrome</arg>
<arg>options=${options}</arg>
<doc>Opens a new browser instance to the optional ``url``.</doc>
<msg timestamp="20231109 14:48:51.337" level="INFO">Opening browser 'chrome' to base url 'None'.</msg>
<status status="PASS" starttime="20231109 14:48:51.337" endtime="20231109 14:48:52.186"/>
</kw>
<kw name="Set Selenium Speed" library="SeleniumLibrary">
<arg>${DELAY}</arg>
<doc>Sets the delay that is waited after each Selenium command.</doc>
<status status="PASS" starttime="20231109 14:48:52.187" endtime="20231109 14:48:52.187"/>
</kw>
<status status="PASS" starttime="20231109 14:48:51.337" endtime="20231109 14:48:52.187"/>
</kw>
<test id="s1-s1-t1" name="Click Login Link" line="8">
<kw name="Go To Main Page" library="resource" type="SETUP">
<kw name="Go To" library="SeleniumLibrary">
<arg>${HOME_URL}</arg>
<doc>Navigates the current browser window to the provided ``url``.</doc>
<msg timestamp="20231109 14:48:52.188" level="INFO">Opening url 'http://localhost:5001'</msg>
<status status="PASS" starttime="20231109 14:48:52.188" endtime="20231109 14:48:52.762"/>
</kw>
<status status="PASS" starttime="20231109 14:48:52.187" endtime="20231109 14:48:52.762"/>
</kw>
<kw name="Click Link" library="SeleniumLibrary">
<arg>Login</arg>
<doc>Clicks a link identified by ``locator``.</doc>
<msg timestamp="20231109 14:48:52.764" level="INFO">Clicking link 'Login'.</msg>
<status status="PASS" starttime="20231109 14:48:52.763" endtime="20231109 14:48:54.365"/>
</kw>
<kw name="Login Page Should Be Open" library="resource">
<kw name="Title Should Be" library="SeleniumLibrary">
<arg>Login</arg>
<doc>Verifies that the current page title equals ``title``.</doc>
<msg timestamp="20231109 14:48:54.880" level="INFO">Page title is 'Login'.</msg>
<status status="PASS" starttime="20231109 14:48:54.367" endtime="20231109 14:48:54.881"/>
</kw>
<status status="PASS" starttime="20231109 14:48:54.366" endtime="20231109 14:48:54.881"/>
</kw>
<status status="PASS" starttime="20231109 14:48:52.187" endtime="20231109 14:48:54.881"/>
</test>
<test id="s1-s1-t2" name="Click Register Link" line="12">
<kw name="Go To Main Page" library="resource" type="SETUP">
<kw name="Go To" library="SeleniumLibrary">
<arg>${HOME_URL}</arg>
<doc>Navigates the current browser window to the provided ``url``.</doc>
<msg timestamp="20231109 14:48:54.883" level="INFO">Opening url 'http://localhost:5001'</msg>
<status status="PASS" starttime="20231109 14:48:54.883" endtime="20231109 14:48:55.407"/>
</kw>
<status status="PASS" starttime="20231109 14:48:54.882" endtime="20231109 14:48:55.407"/>
</kw>
<kw name="Click Link" library="SeleniumLibrary">
<arg>Register new user</arg>
<doc>Clicks a link identified by ``locator``.</doc>
<msg timestamp="20231109 14:48:55.409" level="INFO">Clicking link 'Register new user'.</msg>
<status status="PASS" starttime="20231109 14:48:55.408" endtime="20231109 14:48:56.981"/>
</kw>
<kw name="Register Page Should Be Open" library="resource">
<kw name="Go To" library="SeleniumLibrary">
<arg>${REGISTER_URL}</arg>
<doc>Navigates the current browser window to the provided ``url``.</doc>
<msg timestamp="20231109 14:48:56.984" level="INFO">Opening url 'http://localhost:5001/register'</msg>
<status status="PASS" starttime="20231109 14:48:56.983" endtime="20231109 14:48:57.513"/>
</kw>
<status status="PASS" starttime="20231109 14:48:56.982" endtime="20231109 14:48:57.513"/>
</kw>
<status status="PASS" starttime="20231109 14:48:54.882" endtime="20231109 14:48:57.513"/>
</test>
<kw name="Close Browser" library="SeleniumLibrary" type="TEARDOWN">
<doc>Closes the current browser.</doc>
<status status="PASS" starttime="20231109 14:48:57.515" endtime="20231109 14:48:58.078"/>
</kw>
<status status="PASS" starttime="20231109 14:48:51.261" endtime="20231109 14:48:58.079"/>
</suite>
<suite id="s1-s2" name="Login" source="/home/mitimiti/Kurssit/OhTu/ohtu-s23-palautukset/viikko3/web-login/src/tests/login.robot">
<kw name="Open And Configure Browser" library="resource" type="SETUP">
<kw name="Evaluate" library="BuiltIn">
<var>${options}</var>
<arg>sys.modules['selenium.webdriver'].ChromeOptions()</arg>
<arg>sys</arg>
<doc>Evaluates the given expression in Python and returns the result.</doc>
<msg timestamp="20231109 14:48:58.084" level="INFO">${options} = &lt;selenium.webdriver.chrome.options.Options object at 0x7f6f98a00ca0&gt;</msg>
<status status="PASS" starttime="20231109 14:48:58.084" endtime="20231109 14:48:58.084"/>
</kw>
<kw name="Open Browser" library="SeleniumLibrary">
<arg>browser=chrome</arg>
<arg>options=${options}</arg>
<doc>Opens a new browser instance to the optional ``url``.</doc>
<msg timestamp="20231109 14:48:58.084" level="INFO">Opening browser 'chrome' to base url 'None'.</msg>
<status status="PASS" starttime="20231109 14:48:58.084" endtime="20231109 14:48:58.918"/>
</kw>
<kw name="Set Selenium Speed" library="SeleniumLibrary">
<arg>${DELAY}</arg>
<doc>Sets the delay that is waited after each Selenium command.</doc>
<status status="PASS" starttime="20231109 14:48:58.918" endtime="20231109 14:48:58.919"/>
</kw>
<status status="PASS" starttime="20231109 14:48:58.084" endtime="20231109 14:48:58.919"/>
</kw>
<test id="s1-s2-t1" name="Login With Correct Credentials" line="8">
<kw name="Create User And Go To Login Page" type="SETUP">
<kw name="Create User" library="AppLibrary">
<arg>kalle</arg>
<arg>kalle123</arg>
<status status="PASS" starttime="20231109 14:48:58.919" endtime="20231109 14:48:58.924"/>
</kw>
<kw name="Go To Login Page" library="resource">
<kw name="Go To" library="SeleniumLibrary">
<arg>${LOGIN_URL}</arg>
<doc>Navigates the current browser window to the provided ``url``.</doc>
<msg timestamp="20231109 14:48:58.924" level="INFO">Opening url 'http://localhost:5001/login'</msg>
<status status="PASS" starttime="20231109 14:48:58.924" endtime="20231109 14:48:59.476"/>
</kw>
<status status="PASS" starttime="20231109 14:48:58.924" endtime="20231109 14:48:59.476"/>
</kw>
<kw name="Login Page Should Be Open" library="resource">
<kw name="Title Should Be" library="SeleniumLibrary">
<arg>Login</arg>
<doc>Verifies that the current page title equals ``title``.</doc>
<msg timestamp="20231109 14:48:59.990" level="INFO">Page title is 'Login'.</msg>
<status status="PASS" starttime="20231109 14:48:59.477" endtime="20231109 14:48:59.991"/>
</kw>
<status status="PASS" starttime="20231109 14:48:59.477" endtime="20231109 14:48:59.991"/>
</kw>
<status status="PASS" starttime="20231109 14:48:58.919" endtime="20231109 14:48:59.991"/>
</kw>
<kw name="Set Username">
<arg>kalle</arg>
<kw name="Input Text" library="SeleniumLibrary">
<arg>username</arg>
<arg>${username}</arg>
<doc>Types the given ``text`` into the text field identified by ``locator``.</doc>
<msg timestamp="20231109 14:48:59.993" level="INFO">Typing text 'kalle' into text field 'username'.</msg>
<status status="PASS" starttime="20231109 14:48:59.992" endtime="20231109 14:49:01.607"/>
</kw>
<status status="PASS" starttime="20231109 14:48:59.991" endtime="20231109 14:49:01.607"/>
</kw>
<kw name="Set Password">
<arg>kalle123</arg>
<kw name="Input Password" library="SeleniumLibrary">
<arg>password</arg>
<arg>${password}</arg>
<doc>Types the given password into the text field identified by ``locator``.</doc>
<msg timestamp="20231109 14:49:01.609" level="INFO">Typing password into text field 'password'.</msg>
<msg timestamp="20231109 14:49:02.663" level="INFO">Temporally setting log level to: NONE</msg>
<msg timestamp="20231109 14:49:03.225" level="INFO">Log level changed from NONE to INFO.</msg>
<status status="PASS" starttime="20231109 14:49:01.608" endtime="20231109 14:49:03.225"/>
</kw>
<status status="PASS" starttime="20231109 14:49:01.608" endtime="20231109 14:49:03.225"/>
</kw>
<kw name="Submit Credentials">
<kw name="Click Button" library="SeleniumLibrary">
<arg>Login</arg>
<doc>Clicks the button identified by ``locator``.</doc>
<msg timestamp="20231109 14:49:03.228" level="INFO">Clicking button 'Login'.</msg>
<status status="PASS" starttime="20231109 14:49:03.227" endtime="20231109 14:49:05.339"/>
</kw>
<status status="PASS" starttime="20231109 14:49:03.226" endtime="20231109 14:49:05.340"/>
</kw>
<kw name="Login Should Succeed">
<kw name="Main Page Should Be Open" library="resource">
<kw name="Title Should Be" library="SeleniumLibrary">
<arg>Ohtu Application main page</arg>
<doc>Verifies that the current page title equals ``title``.</doc>
<msg timestamp="20231109 14:49:05.853" level="INFO">Page title is 'Ohtu Application main page'.</msg>
<status status="PASS" starttime="20231109 14:49:05.342" endtime="20231109 14:49:05.853"/>
</kw>
<status status="PASS" starttime="20231109 14:49:05.341" endtime="20231109 14:49:05.853"/>
</kw>
<status status="PASS" starttime="20231109 14:49:05.340" endtime="20231109 14:49:05.853"/>
</kw>
<status status="PASS" starttime="20231109 14:48:58.919" endtime="20231109 14:49:05.854"/>
</test>
<test id="s1-s2-t2" name="Login With Incorrect Password" line="14">
<kw name="Create User And Go To Login Page" type="SETUP">
<kw name="Create User" library="AppLibrary">
<arg>kalle</arg>
<arg>kalle123</arg>
<status status="PASS" starttime="20231109 14:49:05.857" endtime="20231109 14:49:05.869"/>
</kw>
<kw name="Go To Login Page" library="resource">
<kw name="Go To" library="SeleniumLibrary">
<arg>${LOGIN_URL}</arg>
<doc>Navigates the current browser window to the provided ``url``.</doc>
<msg timestamp="20231109 14:49:05.870" level="INFO">Opening url 'http://localhost:5001/login'</msg>
<status status="PASS" starttime="20231109 14:49:05.870" endtime="20231109 14:49:06.394"/>
</kw>
<status status="PASS" starttime="20231109 14:49:05.869" endtime="20231109 14:49:06.395"/>
</kw>
<kw name="Login Page Should Be Open" library="resource">
<kw name="Title Should Be" library="SeleniumLibrary">
<arg>Login</arg>
<doc>Verifies that the current page title equals ``title``.</doc>
<msg timestamp="20231109 14:49:06.908" level="INFO">Page title is 'Login'.</msg>
<status status="PASS" starttime="20231109 14:49:06.396" endtime="20231109 14:49:06.909"/>
</kw>
<status status="PASS" starttime="20231109 14:49:06.395" endtime="20231109 14:49:06.909"/>
</kw>
<status status="PASS" starttime="20231109 14:49:05.856" endtime="20231109 14:49:06.909"/>
</kw>
<kw name="Set Username">
<arg>kalle</arg>
<kw name="Input Text" library="SeleniumLibrary">
<arg>username</arg>
<arg>${username}</arg>
<doc>Types the given ``text`` into the text field identified by ``locator``.</doc>
<msg timestamp="20231109 14:49:06.911" level="INFO">Typing text 'kalle' into text field 'username'.</msg>
<status status="PASS" starttime="20231109 14:49:06.910" endtime="20231109 14:49:08.506"/>
</kw>
<status status="PASS" starttime="20231109 14:49:06.909" endtime="20231109 14:49:08.506"/>
</kw>
<kw name="Set Password">
<arg>kalle456</arg>
<kw name="Input Password" library="SeleniumLibrary">
<arg>password</arg>
<arg>${password}</arg>
<doc>Types the given password into the text field identified by ``locator``.</doc>
<msg timestamp="20231109 14:49:08.509" level="INFO">Typing password into text field 'password'.</msg>
<msg timestamp="20231109 14:49:09.540" level="INFO">Temporally setting log level to: NONE</msg>
<msg timestamp="20231109 14:49:10.112" level="INFO">Log level changed from NONE to INFO.</msg>
<status status="PASS" starttime="20231109 14:49:08.508" endtime="20231109 14:49:10.112"/>
</kw>
<status status="PASS" starttime="20231109 14:49:08.507" endtime="20231109 14:49:10.113"/>
</kw>
<kw name="Submit Credentials">
<kw name="Click Button" library="SeleniumLibrary">
<arg>Login</arg>
<doc>Clicks the button identified by ``locator``.</doc>
<msg timestamp="20231109 14:49:10.115" level="INFO">Clicking button 'Login'.</msg>
<status status="PASS" starttime="20231109 14:49:10.114" endtime="20231109 14:49:12.192"/>
</kw>
<status status="PASS" starttime="20231109 14:49:10.113" endtime="20231109 14:49:12.192"/>
</kw>
<kw name="Login Should Fail With Message">
<arg>Invalid username or password</arg>
<kw name="Login Page Should Be Open" library="resource">
<kw name="Title Should Be" library="SeleniumLibrary">
<arg>Login</arg>
<doc>Verifies that the current page title equals ``title``.</doc>
<msg timestamp="20231109 14:49:12.701" level="INFO">Page title is 'Login'.</msg>
<status status="PASS" starttime="20231109 14:49:12.193" endtime="20231109 14:49:12.701"/>
</kw>
<status status="PASS" starttime="20231109 14:49:12.193" endtime="20231109 14:49:12.702"/>
</kw>
<kw name="Page Should Contain" library="SeleniumLibrary">
<arg>${message}</arg>
<doc>Verifies that current page contains ``text``.</doc>
<msg timestamp="20231109 14:49:13.731" level="INFO">Current page contains text 'Invalid username or password'.</msg>
<status status="PASS" starttime="20231109 14:49:12.702" endtime="20231109 14:49:13.732"/>
</kw>
<status status="PASS" starttime="20231109 14:49:12.192" endtime="20231109 14:49:13.732"/>
</kw>
<status status="PASS" starttime="20231109 14:49:05.855" endtime="20231109 14:49:13.732"/>
</test>
<kw name="Close Browser" library="SeleniumLibrary" type="TEARDOWN">
<doc>Closes the current browser.</doc>
<status status="PASS" starttime="20231109 14:49:13.734" endtime="20231109 14:49:14.296"/>
</kw>
<status status="PASS" starttime="20231109 14:48:58.080" endtime="20231109 14:49:14.296"/>
</suite>
<status status="PASS" starttime="20231109 14:48:51.252" endtime="20231109 14:49:14.298"/>
</suite>
<statistics>
<total>
<stat pass="4" fail="0" skip="0">All Tests</stat>
</total>
<tag>
</tag>
<suite>
<stat pass="4" fail="0" skip="0" id="s1" name="Tests">Tests</stat>
<stat pass="2" fail="0" skip="0" id="s1-s1" name="Home">Tests.Home</stat>
<stat pass="2" fail="0" skip="0" id="s1-s2" name="Login">Tests.Login</stat>
</suite>
</statistics>
<errors>
</errors>
</robot>
