<?xml version="1.0" encoding="UTF-8"?>
<robot generator="Robot 6.1.1 (Python 3.10.12 on linux)" generated="20231109 13:43:17.795" rpa="false" schemaversion="4">
<suite id="s1" name="Tests" source="/home/mitimiti/Kurssit/OhTu/ohtu-s23-palautukset/viikko3/web-login/src/tests">
<suite id="s1-s1" name="Login" source="/home/mitimiti/Kurssit/OhTu/ohtu-s23-palautukset/viikko3/web-login/src/tests/login.robot">
<kw name="Open And Configure Browser" library="resource" type="SETUP">
<kw name="Evaluate" library="BuiltIn">
<var>${options}</var>
<arg>sys.modules['selenium.webdriver'].ChromeOptions()</arg>
<arg>sys</arg>
<doc>Evaluates the given expression in Python and returns the result.</doc>
<msg timestamp="20231109 13:43:17.958" level="INFO">${options} = &lt;selenium.webdriver.chrome.options.Options object at 0x7f4175bff8b0&gt;</msg>
<status status="PASS" starttime="20231109 13:43:17.958" endtime="20231109 13:43:17.958"/>
</kw>
<kw name="Open Browser" library="SeleniumLibrary">
<arg>browser=chrome</arg>
<arg>options=${options}</arg>
<doc>Opens a new browser instance to the optional ``url``.</doc>
<msg timestamp="20231109 13:43:17.959" level="INFO">Opening browser 'chrome' to base url 'None'.</msg>
<status status="PASS" starttime="20231109 13:43:17.958" endtime="20231109 13:43:19.015"/>
</kw>
<kw name="Set Selenium Speed" library="SeleniumLibrary">
<arg>${DELAY}</arg>
<doc>Sets the delay that is waited after each Selenium command.</doc>
<status status="PASS" starttime="20231109 13:43:19.015" endtime="20231109 13:43:19.016"/>
</kw>
<status status="PASS" starttime="20231109 13:43:17.957" endtime="20231109 13:43:19.016"/>
</kw>
<test id="s1-s1-t1" name="Login With Correct Credentials" line="8">
<kw name="Create User And Go To Login Page" type="SETUP">
<kw name="Create User" library="AppLibrary">
<arg>kalle</arg>
<arg>kalle123</arg>
<status status="PASS" starttime="20231109 13:43:19.017" endtime="20231109 13:43:19.027"/>
</kw>
<kw name="Go To Login Page" library="resource">
<kw name="Go To" library="SeleniumLibrary">
<arg>${LOGIN_URL}</arg>
<doc>Navigates the current browser window to the provided ``url``.</doc>
<msg timestamp="20231109 13:43:19.028" level="INFO">Opening url 'http://localhost:5001/login'</msg>
<status status="PASS" starttime="20231109 13:43:19.028" endtime="20231109 13:43:19.630"/>
</kw>
<status status="PASS" starttime="20231109 13:43:19.028" endtime="20231109 13:43:19.631"/>
</kw>
<kw name="Login Page Should Be Open" library="resource">
<kw name="Title Should Be" library="SeleniumLibrary">
<arg>Login</arg>
<doc>Verifies that the current page title equals ``title``.</doc>
<msg timestamp="20231109 13:43:20.142" level="INFO">Page title is 'Login'.</msg>
<status status="PASS" starttime="20231109 13:43:19.632" endtime="20231109 13:43:20.142"/>
</kw>
<status status="PASS" starttime="20231109 13:43:19.631" endtime="20231109 13:43:20.142"/>
</kw>
<status status="PASS" starttime="20231109 13:43:19.017" endtime="20231109 13:43:20.143"/>
</kw>
<kw name="Set Username">
<arg>kalle</arg>
<kw name="Input Text" library="SeleniumLibrary">
<arg>username</arg>
<arg>${username}</arg>
<doc>Types the given ``text`` into the text field identified by ``locator``.</doc>
<msg timestamp="20231109 13:43:20.146" level="INFO">Typing text 'kalle' into text field 'username'.</msg>
<status status="PASS" starttime="20231109 13:43:20.144" endtime="20231109 13:43:21.805"/>
</kw>
<status status="PASS" starttime="20231109 13:43:20.143" endtime="20231109 13:43:21.805"/>
</kw>
<kw name="Set Password">
<arg>kalle123</arg>
<kw name="Input Password" library="SeleniumLibrary">
<arg>password</arg>
<arg>${password}</arg>
<doc>Types the given password into the text field identified by ``locator``.</doc>
<msg timestamp="20231109 13:43:21.809" level="INFO">Typing password into text field 'password'.</msg>
<msg timestamp="20231109 13:43:22.863" level="INFO">Temporally setting log level to: NONE</msg>
<msg timestamp="20231109 13:43:23.430" level="INFO">Log level changed from NONE to INFO.</msg>
<status status="PASS" starttime="20231109 13:43:21.808" endtime="20231109 13:43:23.431"/>
</kw>
<status status="PASS" starttime="20231109 13:43:21.806" endtime="20231109 13:43:23.431"/>
</kw>
<kw name="Submit Credentials">
<kw name="Click Button" library="SeleniumLibrary">
<arg>Login</arg>
<doc>Clicks the button identified by ``locator``.</doc>
<msg timestamp="20231109 13:43:23.433" level="INFO">Clicking button 'Login'.</msg>
<status status="PASS" starttime="20231109 13:43:23.432" endtime="20231109 13:43:25.572"/>
</kw>
<status status="PASS" starttime="20231109 13:43:23.431" endtime="20231109 13:43:25.572"/>
</kw>
<kw name="Login Should Succeed">
<kw name="Main Page Should Be Open" library="resource">
<kw name="Title Should Be" library="SeleniumLibrary">
<arg>Ohtu Application main page</arg>
<doc>Verifies that the current page title equals ``title``.</doc>
<msg timestamp="20231109 13:43:26.082" level="INFO">Page title is 'Ohtu Application main page'.</msg>
<status status="PASS" starttime="20231109 13:43:25.574" endtime="20231109 13:43:26.082"/>
</kw>
<status status="PASS" starttime="20231109 13:43:25.573" endtime="20231109 13:43:26.083"/>
</kw>
<status status="PASS" starttime="20231109 13:43:25.573" endtime="20231109 13:43:26.083"/>
</kw>
<status status="PASS" starttime="20231109 13:43:19.016" endtime="20231109 13:43:26.083"/>
</test>
<test id="s1-s1-t2" name="Login With Incorrect Password" line="14">
<kw name="Create User And Go To Login Page" type="SETUP">
<kw name="Create User" library="AppLibrary">
<arg>kalle</arg>
<arg>kalle123</arg>
<status status="PASS" starttime="20231109 13:43:26.086" endtime="20231109 13:43:26.097"/>
</kw>
<kw name="Go To Login Page" library="resource">
<kw name="Go To" library="SeleniumLibrary">
<arg>${LOGIN_URL}</arg>
<doc>Navigates the current browser window to the provided ``url``.</doc>
<msg timestamp="20231109 13:43:26.098" level="INFO">Opening url 'http://localhost:5001/login'</msg>
<status status="PASS" starttime="20231109 13:43:26.097" endtime="20231109 13:43:26.635"/>
</kw>
<status status="PASS" starttime="20231109 13:43:26.097" endtime="20231109 13:43:26.635"/>
</kw>
<kw name="Login Page Should Be Open" library="resource">
<kw name="Title Should Be" library="SeleniumLibrary">
<arg>Login</arg>
<doc>Verifies that the current page title equals ``title``.</doc>
<msg timestamp="20231109 13:43:27.145" level="INFO">Page title is 'Login'.</msg>
<status status="PASS" starttime="20231109 13:43:26.636" endtime="20231109 13:43:27.145"/>
</kw>
<status status="PASS" starttime="20231109 13:43:26.636" endtime="20231109 13:43:27.145"/>
</kw>
<status status="PASS" starttime="20231109 13:43:26.085" endtime="20231109 13:43:27.146"/>
</kw>
<kw name="Set Username">
<arg>kalle</arg>
<kw name="Input Text" library="SeleniumLibrary">
<arg>username</arg>
<arg>${username}</arg>
<doc>Types the given ``text`` into the text field identified by ``locator``.</doc>
<msg timestamp="20231109 13:43:27.147" level="INFO">Typing text 'kalle' into text field 'username'.</msg>
<status status="PASS" starttime="20231109 13:43:27.147" endtime="20231109 13:43:28.752"/>
</kw>
<status status="PASS" starttime="20231109 13:43:27.146" endtime="20231109 13:43:28.752"/>
</kw>
<kw name="Set Password">
<arg>kalle456</arg>
<kw name="Input Password" library="SeleniumLibrary">
<arg>password</arg>
<arg>${password}</arg>
<doc>Types the given password into the text field identified by ``locator``.</doc>
<msg timestamp="20231109 13:43:28.754" level="INFO">Typing password into text field 'password'.</msg>
<msg timestamp="20231109 13:43:29.801" level="INFO">Temporally setting log level to: NONE</msg>
<msg timestamp="20231109 13:43:30.366" level="INFO">Log level changed from NONE to INFO.</msg>
<status status="PASS" starttime="20231109 13:43:28.753" endtime="20231109 13:43:30.366"/>
</kw>
<status status="PASS" starttime="20231109 13:43:28.752" endtime="20231109 13:43:30.366"/>
</kw>
<kw name="Submit Credentials">
<kw name="Click Button" library="SeleniumLibrary">
<arg>Login</arg>
<doc>Clicks the button identified by ``locator``.</doc>
<msg timestamp="20231109 13:43:30.368" level="INFO">Clicking button 'Login'.</msg>
<status status="PASS" starttime="20231109 13:43:30.367" endtime="20231109 13:43:32.490"/>
</kw>
<status status="PASS" starttime="20231109 13:43:30.366" endtime="20231109 13:43:32.490"/>
</kw>
<kw name="Login Should Fail With Message">
<arg>Invalid username or password</arg>
<kw name="Login Page Should Be Open" library="resource">
<kw name="Title Should Be" library="SeleniumLibrary">
<arg>Login</arg>
<doc>Verifies that the current page title equals ``title``.</doc>
<msg timestamp="20231109 13:43:33.001" level="INFO">Page title is 'Login'.</msg>
<status status="PASS" starttime="20231109 13:43:32.492" endtime="20231109 13:43:33.001"/>
</kw>
<status status="PASS" starttime="20231109 13:43:32.492" endtime="20231109 13:43:33.002"/>
</kw>
<kw name="Page Should Contain" library="SeleniumLibrary">
<arg>${message}</arg>
<doc>Verifies that current page contains ``text``.</doc>
<msg timestamp="20231109 13:43:34.028" level="INFO">Current page contains text 'Invalid username or password'.</msg>
<status status="PASS" starttime="20231109 13:43:33.002" endtime="20231109 13:43:34.029"/>
</kw>
<status status="PASS" starttime="20231109 13:43:32.491" endtime="20231109 13:43:34.029"/>
</kw>
<status status="PASS" starttime="20231109 13:43:26.084" endtime="20231109 13:43:34.029"/>
</test>
<kw name="Close Browser" library="SeleniumLibrary" type="TEARDOWN">
<doc>Closes the current browser.</doc>
<status status="PASS" starttime="20231109 13:43:34.031" endtime="20231109 13:43:34.593"/>
</kw>
<status status="PASS" starttime="20231109 13:43:17.813" endtime="20231109 13:43:34.593"/>
</suite>
<status status="PASS" starttime="20231109 13:43:17.796" endtime="20231109 13:43:34.595"/>
</suite>
<statistics>
<total>
<stat pass="2" fail="0" skip="0">All Tests</stat>
</total>
<tag>
</tag>
<suite>
<stat pass="2" fail="0" skip="0" id="s1" name="Tests">Tests</stat>
<stat pass="2" fail="0" skip="0" id="s1-s1" name="Login">Tests.Login</stat>
</suite>
</statistics>
<errors>
</errors>
</robot>
