<?xml version="1.0" encoding="UTF-8"?>
<robot generator="Robot 6.1.1 (Python 3.10.12 on linux)" generated="20231109 15:03:06.162" rpa="false" schemaversion="4">
<suite id="s1" name="Tests" source="/home/mitimiti/Kurssit/OhTu/ohtu-s23-palautukset/viikko3/web-login/src/tests">
<suite id="s1-s1" name="Home" source="/home/mitimiti/Kurssit/OhTu/ohtu-s23-palautukset/viikko3/web-login/src/tests/home.robot">
<kw name="Open And Configure Browser" library="resource" type="SETUP">
<kw name="Evaluate" library="BuiltIn">
<var>${options}</var>
<arg>sys.modules['selenium.webdriver'].ChromeOptions()</arg>
<arg>sys</arg>
<doc>Evaluates the given expression in Python and returns the result.</doc>
<msg timestamp="20231109 15:03:06.248" level="INFO">${options} = &lt;selenium.webdriver.chrome.options.Options object at 0x7f2c29467d90&gt;</msg>
<status status="PASS" starttime="20231109 15:03:06.248" endtime="20231109 15:03:06.248"/>
</kw>
<kw name="Open Browser" library="SeleniumLibrary">
<arg>browser=chrome</arg>
<arg>options=${options}</arg>
<doc>Opens a new browser instance to the optional ``url``.</doc>
<msg timestamp="20231109 15:03:06.249" level="INFO">Opening browser 'chrome' to base url 'None'.</msg>
<status status="PASS" starttime="20231109 15:03:06.248" endtime="20231109 15:03:07.067"/>
</kw>
<kw name="Set Selenium Speed" library="SeleniumLibrary">
<arg>${DELAY}</arg>
<doc>Sets the delay that is waited after each Selenium command.</doc>
<status status="PASS" starttime="20231109 15:03:07.067" endtime="20231109 15:03:07.068"/>
</kw>
<status status="PASS" starttime="20231109 15:03:06.248" endtime="20231109 15:03:07.068"/>
</kw>
<test id="s1-s1-t1" name="Click Login Link" line="8">
<kw name="Go To Main Page" library="resource" type="SETUP">
<kw name="Go To" library="SeleniumLibrary">
<arg>${HOME_URL}</arg>
<doc>Navigates the current browser window to the provided ``url``.</doc>
<msg timestamp="20231109 15:03:07.069" level="INFO">Opening url 'http://localhost:5001'</msg>
<status status="PASS" starttime="20231109 15:03:07.069" endtime="20231109 15:03:07.649"/>
</kw>
<status status="PASS" starttime="20231109 15:03:07.069" endtime="20231109 15:03:07.650"/>
</kw>
<kw name="Click Link" library="SeleniumLibrary">
<arg>Login</arg>
<doc>Clicks a link identified by ``locator``.</doc>
<msg timestamp="20231109 15:03:07.651" level="INFO">Clicking link 'Login'.</msg>
<status status="PASS" starttime="20231109 15:03:07.650" endtime="20231109 15:03:09.256"/>
</kw>
<kw name="Login Page Should Be Open" library="resource">
<kw name="Title Should Be" library="SeleniumLibrary">
<arg>Login</arg>
<doc>Verifies that the current page title equals ``title``.</doc>
<msg timestamp="20231109 15:03:09.771" level="INFO">Page title is 'Login'.</msg>
<status status="PASS" starttime="20231109 15:03:09.258" endtime="20231109 15:03:09.771"/>
</kw>
<status status="PASS" starttime="20231109 15:03:09.257" endtime="20231109 15:03:09.772"/>
</kw>
<status status="PASS" starttime="20231109 15:03:07.068" endtime="20231109 15:03:09.772"/>
</test>
<test id="s1-s1-t2" name="Click Register Link" line="12">
<kw name="Go To Main Page" library="resource" type="SETUP">
<kw name="Go To" library="SeleniumLibrary">
<arg>${HOME_URL}</arg>
<doc>Navigates the current browser window to the provided ``url``.</doc>
<msg timestamp="20231109 15:03:09.775" level="INFO">Opening url 'http://localhost:5001'</msg>
<status status="PASS" starttime="20231109 15:03:09.774" endtime="20231109 15:03:10.299"/>
</kw>
<status status="PASS" starttime="20231109 15:03:09.774" endtime="20231109 15:03:10.300"/>
</kw>
<kw name="Click Link" library="SeleniumLibrary">
<arg>Register new user</arg>
<doc>Clicks a link identified by ``locator``.</doc>
<msg timestamp="20231109 15:03:10.301" level="INFO">Clicking link 'Register new user'.</msg>
<status status="PASS" starttime="20231109 15:03:10.300" endtime="20231109 15:03:11.865"/>
</kw>
<kw name="Register Page Should Be Open" library="resource">
<kw name="Go To" library="SeleniumLibrary">
<arg>${REGISTER_URL}</arg>
<doc>Navigates the current browser window to the provided ``url``.</doc>
<msg timestamp="20231109 15:03:11.867" level="INFO">Opening url 'http://localhost:5001/register'</msg>
<status status="PASS" starttime="20231109 15:03:11.866" endtime="20231109 15:03:12.392"/>
</kw>
<status status="PASS" starttime="20231109 15:03:11.865" endtime="20231109 15:03:12.393"/>
</kw>
<status status="PASS" starttime="20231109 15:03:09.773" endtime="20231109 15:03:12.393"/>
</test>
<kw name="Close Browser" library="SeleniumLibrary" type="TEARDOWN">
<doc>Closes the current browser.</doc>
<status status="PASS" starttime="20231109 15:03:12.395" endtime="20231109 15:03:12.959"/>
</kw>
<status status="PASS" starttime="20231109 15:03:06.171" endtime="20231109 15:03:12.959"/>
</suite>
<suite id="s1-s2" name="Login" source="/home/mitimiti/Kurssit/OhTu/ohtu-s23-palautukset/viikko3/web-login/src/tests/login.robot">
<kw name="Open And Configure Browser" library="resource" type="SETUP">
<kw name="Evaluate" library="BuiltIn">
<var>${options}</var>
<arg>sys.modules['selenium.webdriver'].ChromeOptions()</arg>
<arg>sys</arg>
<doc>Evaluates the given expression in Python and returns the result.</doc>
<msg timestamp="20231109 15:03:12.966" level="INFO">${options} = &lt;selenium.webdriver.chrome.options.Options object at 0x7f2c291a5d50&gt;</msg>
<status status="PASS" starttime="20231109 15:03:12.965" endtime="20231109 15:03:12.966"/>
</kw>
<kw name="Open Browser" library="SeleniumLibrary">
<arg>browser=chrome</arg>
<arg>options=${options}</arg>
<doc>Opens a new browser instance to the optional ``url``.</doc>
<msg timestamp="20231109 15:03:12.966" level="INFO">Opening browser 'chrome' to base url 'None'.</msg>
<status status="PASS" starttime="20231109 15:03:12.966" endtime="20231109 15:03:13.795"/>
</kw>
<kw name="Set Selenium Speed" library="SeleniumLibrary">
<arg>${DELAY}</arg>
<doc>Sets the delay that is waited after each Selenium command.</doc>
<status status="PASS" starttime="20231109 15:03:13.795" endtime="20231109 15:03:13.795"/>
</kw>
<status status="PASS" starttime="20231109 15:03:12.965" endtime="20231109 15:03:13.795"/>
</kw>
<test id="s1-s2-t1" name="Login With Correct Credentials" line="8">
<kw name="Create User And Go To Login Page" type="SETUP">
<kw name="Create User" library="AppLibrary">
<arg>kalle</arg>
<arg>kalle123</arg>
<status status="PASS" starttime="20231109 15:03:13.796" endtime="20231109 15:03:13.802"/>
</kw>
<kw name="Go To Login Page" library="resource">
<kw name="Go To" library="SeleniumLibrary">
<arg>${LOGIN_URL}</arg>
<doc>Navigates the current browser window to the provided ``url``.</doc>
<msg timestamp="20231109 15:03:13.802" level="INFO">Opening url 'http://localhost:5001/login'</msg>
<status status="PASS" starttime="20231109 15:03:13.802" endtime="20231109 15:03:14.370"/>
</kw>
<status status="PASS" starttime="20231109 15:03:13.802" endtime="20231109 15:03:14.371"/>
</kw>
<kw name="Login Page Should Be Open" library="resource">
<kw name="Title Should Be" library="SeleniumLibrary">
<arg>Login</arg>
<doc>Verifies that the current page title equals ``title``.</doc>
<msg timestamp="20231109 15:03:14.883" level="INFO">Page title is 'Login'.</msg>
<status status="PASS" starttime="20231109 15:03:14.372" endtime="20231109 15:03:14.883"/>
</kw>
<status status="PASS" starttime="20231109 15:03:14.371" endtime="20231109 15:03:14.883"/>
</kw>
<status status="PASS" starttime="20231109 15:03:13.796" endtime="20231109 15:03:14.884"/>
</kw>
<kw name="Set Username">
<arg>kalle</arg>
<kw name="Input Text" library="SeleniumLibrary">
<arg>username</arg>
<arg>${username}</arg>
<doc>Types the given ``text`` into the text field identified by ``locator``.</doc>
<msg timestamp="20231109 15:03:14.885" level="INFO">Typing text 'kalle' into text field 'username'.</msg>
<status status="PASS" starttime="20231109 15:03:14.885" endtime="20231109 15:03:16.479"/>
</kw>
<status status="PASS" starttime="20231109 15:03:14.884" endtime="20231109 15:03:16.480"/>
</kw>
<kw name="Set Password">
<arg>kalle123</arg>
<kw name="Input Password" library="SeleniumLibrary">
<arg>password</arg>
<arg>${password}</arg>
<doc>Types the given password into the text field identified by ``locator``.</doc>
<msg timestamp="20231109 15:03:16.482" level="INFO">Typing password into text field 'password'.</msg>
<msg timestamp="20231109 15:03:17.534" level="INFO">Temporally setting log level to: NONE</msg>
<msg timestamp="20231109 15:03:18.093" level="INFO">Log level changed from NONE to INFO.</msg>
<status status="PASS" starttime="20231109 15:03:16.481" endtime="20231109 15:03:18.093"/>
</kw>
<status status="PASS" starttime="20231109 15:03:16.480" endtime="20231109 15:03:18.093"/>
</kw>
<kw name="Submit Credentials">
<kw name="Click Button" library="SeleniumLibrary">
<arg>Login</arg>
<doc>Clicks the button identified by ``locator``.</doc>
<msg timestamp="20231109 15:03:18.096" level="INFO">Clicking button 'Login'.</msg>
<status status="PASS" starttime="20231109 15:03:18.095" endtime="20231109 15:03:20.216"/>
</kw>
<status status="PASS" starttime="20231109 15:03:18.094" endtime="20231109 15:03:20.216"/>
</kw>
<kw name="Login Should Succeed">
<kw name="Main Page Should Be Open" library="resource">
<kw name="Title Should Be" library="SeleniumLibrary">
<arg>Ohtu Application main page</arg>
<doc>Verifies that the current page title equals ``title``.</doc>
<msg timestamp="20231109 15:03:20.728" level="INFO">Page title is 'Ohtu Application main page'.</msg>
<status status="PASS" starttime="20231109 15:03:20.218" endtime="20231109 15:03:20.728"/>
</kw>
<status status="PASS" starttime="20231109 15:03:20.217" endtime="20231109 15:03:20.728"/>
</kw>
<status status="PASS" starttime="20231109 15:03:20.217" endtime="20231109 15:03:20.729"/>
</kw>
<status status="PASS" starttime="20231109 15:03:13.795" endtime="20231109 15:03:20.729"/>
</test>
<test id="s1-s2-t2" name="Login With Incorrect Password" line="14">
<kw name="Create User And Go To Login Page" type="SETUP">
<kw name="Create User" library="AppLibrary">
<arg>kalle</arg>
<arg>kalle123</arg>
<status status="PASS" starttime="20231109 15:03:20.731" endtime="20231109 15:03:20.739"/>
</kw>
<kw name="Go To Login Page" library="resource">
<kw name="Go To" library="SeleniumLibrary">
<arg>${LOGIN_URL}</arg>
<doc>Navigates the current browser window to the provided ``url``.</doc>
<msg timestamp="20231109 15:03:20.740" level="INFO">Opening url 'http://localhost:5001/login'</msg>
<status status="PASS" starttime="20231109 15:03:20.740" endtime="20231109 15:03:21.264"/>
</kw>
<status status="PASS" starttime="20231109 15:03:20.740" endtime="20231109 15:03:21.264"/>
</kw>
<kw name="Login Page Should Be Open" library="resource">
<kw name="Title Should Be" library="SeleniumLibrary">
<arg>Login</arg>
<doc>Verifies that the current page title equals ``title``.</doc>
<msg timestamp="20231109 15:03:21.776" level="INFO">Page title is 'Login'.</msg>
<status status="PASS" starttime="20231109 15:03:21.266" endtime="20231109 15:03:21.776"/>
</kw>
<status status="PASS" starttime="20231109 15:03:21.265" endtime="20231109 15:03:21.777"/>
</kw>
<status status="PASS" starttime="20231109 15:03:20.730" endtime="20231109 15:03:21.777"/>
</kw>
<kw name="Set Username">
<arg>kalle</arg>
<kw name="Input Text" library="SeleniumLibrary">
<arg>username</arg>
<arg>${username}</arg>
<doc>Types the given ``text`` into the text field identified by ``locator``.</doc>
<msg timestamp="20231109 15:03:21.779" level="INFO">Typing text 'kalle' into text field 'username'.</msg>
<status status="PASS" starttime="20231109 15:03:21.778" endtime="20231109 15:03:23.367"/>
</kw>
<status status="PASS" starttime="20231109 15:03:21.777" endtime="20231109 15:03:23.367"/>
</kw>
<kw name="Set Password">
<arg>kalle456</arg>
<kw name="Input Password" library="SeleniumLibrary">
<arg>password</arg>
<arg>${password}</arg>
<doc>Types the given password into the text field identified by ``locator``.</doc>
<msg timestamp="20231109 15:03:23.369" level="INFO">Typing password into text field 'password'.</msg>
<msg timestamp="20231109 15:03:24.397" level="INFO">Temporally setting log level to: NONE</msg>
<msg timestamp="20231109 15:03:24.957" level="INFO">Log level changed from NONE to INFO.</msg>
<status status="PASS" starttime="20231109 15:03:23.369" endtime="20231109 15:03:24.957"/>
</kw>
<status status="PASS" starttime="20231109 15:03:23.368" endtime="20231109 15:03:24.958"/>
</kw>
<kw name="Submit Credentials">
<kw name="Click Button" library="SeleniumLibrary">
<arg>Login</arg>
<doc>Clicks the button identified by ``locator``.</doc>
<msg timestamp="20231109 15:03:24.960" level="INFO">Clicking button 'Login'.</msg>
<status status="PASS" starttime="20231109 15:03:24.959" endtime="20231109 15:03:27.046"/>
</kw>
<status status="PASS" starttime="20231109 15:03:24.958" endtime="20231109 15:03:27.047"/>
</kw>
<kw name="Login Should Fail With Message">
<arg>Invalid username or password</arg>
<kw name="Login Page Should Be Open" library="resource">
<kw name="Title Should Be" library="SeleniumLibrary">
<arg>Login</arg>
<doc>Verifies that the current page title equals ``title``.</doc>
<msg timestamp="20231109 15:03:27.556" level="INFO">Page title is 'Login'.</msg>
<status status="PASS" starttime="20231109 15:03:27.048" endtime="20231109 15:03:27.556"/>
</kw>
<status status="PASS" starttime="20231109 15:03:27.047" endtime="20231109 15:03:27.556"/>
</kw>
<kw name="Page Should Contain" library="SeleniumLibrary">
<arg>${message}</arg>
<doc>Verifies that current page contains ``text``.</doc>
<msg timestamp="20231109 15:03:28.576" level="INFO">Current page contains text 'Invalid username or password'.</msg>
<status status="PASS" starttime="20231109 15:03:27.557" endtime="20231109 15:03:28.577"/>
</kw>
<status status="PASS" starttime="20231109 15:03:27.047" endtime="20231109 15:03:28.577"/>
</kw>
<status status="PASS" starttime="20231109 15:03:20.730" endtime="20231109 15:03:28.577"/>
</test>
<test id="s1-s2-t3" name="Login With Nonexistent Username" line="20">
<kw name="Create User And Go To Login Page" type="SETUP">
<kw name="Create User" library="AppLibrary">
<arg>kalle</arg>
<arg>kalle123</arg>
<status status="PASS" starttime="20231109 15:03:28.580" endtime="20231109 15:03:28.592"/>
</kw>
<kw name="Go To Login Page" library="resource">
<kw name="Go To" library="SeleniumLibrary">
<arg>${LOGIN_URL}</arg>
<doc>Navigates the current browser window to the provided ``url``.</doc>
<msg timestamp="20231109 15:03:28.593" level="INFO">Opening url 'http://localhost:5001/login'</msg>
<status status="PASS" starttime="20231109 15:03:28.592" endtime="20231109 15:03:29.113"/>
</kw>
<status status="PASS" starttime="20231109 15:03:28.592" endtime="20231109 15:03:29.113"/>
</kw>
<kw name="Login Page Should Be Open" library="resource">
<kw name="Title Should Be" library="SeleniumLibrary">
<arg>Login</arg>
<doc>Verifies that the current page title equals ``title``.</doc>
<msg timestamp="20231109 15:03:29.623" level="INFO">Page title is 'Login'.</msg>
<status status="PASS" starttime="20231109 15:03:29.114" endtime="20231109 15:03:29.623"/>
</kw>
<status status="PASS" starttime="20231109 15:03:29.114" endtime="20231109 15:03:29.623"/>
</kw>
<status status="PASS" starttime="20231109 15:03:28.579" endtime="20231109 15:03:29.623"/>
</kw>
<kw name="Set Username">
<arg>ville</arg>
<kw name="Input Text" library="SeleniumLibrary">
<arg>username</arg>
<arg>${username}</arg>
<doc>Types the given ``text`` into the text field identified by ``locator``.</doc>
<msg timestamp="20231109 15:03:29.624" level="INFO">Typing text 'ville' into text field 'username'.</msg>
<status status="PASS" starttime="20231109 15:03:29.624" endtime="20231109 15:03:31.234"/>
</kw>
<status status="PASS" starttime="20231109 15:03:29.623" endtime="20231109 15:03:31.235"/>
</kw>
<kw name="Set Password">
<arg>ville123</arg>
<kw name="Input Password" library="SeleniumLibrary">
<arg>password</arg>
<arg>${password}</arg>
<doc>Types the given password into the text field identified by ``locator``.</doc>
<msg timestamp="20231109 15:03:31.239" level="INFO">Typing password into text field 'password'.</msg>
<msg timestamp="20231109 15:03:32.294" level="INFO">Temporally setting log level to: NONE</msg>
<msg timestamp="20231109 15:03:32.858" level="INFO">Log level changed from NONE to INFO.</msg>
<status status="PASS" starttime="20231109 15:03:31.237" endtime="20231109 15:03:32.859"/>
</kw>
<status status="PASS" starttime="20231109 15:03:31.236" endtime="20231109 15:03:32.860"/>
</kw>
<kw name="Submit Credentials">
<kw name="Click Button" library="SeleniumLibrary">
<arg>Login</arg>
<doc>Clicks the button identified by ``locator``.</doc>
<msg timestamp="20231109 15:03:32.863" level="INFO">Clicking button 'Login'.</msg>
<status status="PASS" starttime="20231109 15:03:32.862" endtime="20231109 15:03:34.978"/>
</kw>
<status status="PASS" starttime="20231109 15:03:32.861" endtime="20231109 15:03:34.979"/>
</kw>
<kw name="Login Should Fail With Message">
<arg>Invalid username or password</arg>
<kw name="Login Page Should Be Open" library="resource">
<kw name="Title Should Be" library="SeleniumLibrary">
<arg>Login</arg>
<doc>Verifies that the current page title equals ``title``.</doc>
<msg timestamp="20231109 15:03:35.491" level="INFO">Page title is 'Login'.</msg>
<status status="PASS" starttime="20231109 15:03:34.981" endtime="20231109 15:03:35.491"/>
</kw>
<status status="PASS" starttime="20231109 15:03:34.980" endtime="20231109 15:03:35.491"/>
</kw>
<kw name="Page Should Contain" library="SeleniumLibrary">
<arg>${message}</arg>
<doc>Verifies that current page contains ``text``.</doc>
<msg timestamp="20231109 15:03:36.504" level="INFO">Current page contains text 'Invalid username or password'.</msg>
<status status="PASS" starttime="20231109 15:03:35.491" endtime="20231109 15:03:36.504"/>
</kw>
<status status="PASS" starttime="20231109 15:03:34.979" endtime="20231109 15:03:36.505"/>
</kw>
<status status="PASS" starttime="20231109 15:03:28.578" endtime="20231109 15:03:36.505"/>
</test>
<kw name="Close Browser" library="SeleniumLibrary" type="TEARDOWN">
<doc>Closes the current browser.</doc>
<status status="PASS" starttime="20231109 15:03:36.506" endtime="20231109 15:03:37.066"/>
</kw>
<status status="PASS" starttime="20231109 15:03:12.961" endtime="20231109 15:03:37.066"/>
</suite>
<status status="PASS" starttime="20231109 15:03:06.162" endtime="20231109 15:03:37.068"/>
</suite>
<statistics>
<total>
<stat pass="5" fail="0" skip="0">All Tests</stat>
</total>
<tag>
</tag>
<suite>
<stat pass="5" fail="0" skip="0" id="s1" name="Tests">Tests</stat>
<stat pass="2" fail="0" skip="0" id="s1-s1" name="Home">Tests.Home</stat>
<stat pass="3" fail="0" skip="0" id="s1-s2" name="Login">Tests.Login</stat>
</suite>
</statistics>
<errors>
</errors>
</robot>
